<?xml version="1.0" encoding="UTF-8"?>
<testng-results skipped="0" failed="0" ignored="0" total="2" passed="2">
  <reporter-output>
  </reporter-output>
  <suite name="Functionaltestingsuite" duration-ms="20404" started-at="2024-02-04T15:15:13 EST" finished-at="2024-02-04T15:15:34 EST">
    <groups>
    </groups>
    <test name="Regressiontesting" duration-ms="9460" started-at="2024-02-04T15:15:13 EST" finished-at="2024-02-04T15:15:23 EST">
      <class name="Capstone.AutomationPractice5.Property">
        <test-method status="PASS" signature="Browsers(java.lang.String,java.lang.String)[pri:0, instance:Capstone.AutomationPractice5.Property@c46bcd4]" name="Browsers" is-config="true" duration-ms="2468" started-at="2024-02-04T15:15:13 EST" finished-at="2024-02-04T15:15:16 EST">
          <params>
            <param index="0">
              <value>
                <![CDATA[Chrome]]>
              </value>
            </param>
            <param index="1">
              <value>
                <![CDATA[https://www.facebook.com]]>
              </value>
            </param>
          </params>
          <reporter-output>
          </reporter-output>
        </test-method> <!-- Browsers -->
        <test-method status="PASS" signature="f()[pri:0, instance:Capstone.AutomationPractice5.Property@c46bcd4]" name="f" duration-ms="73" started-at="2024-02-04T15:15:16 EST" finished-at="2024-02-04T15:15:16 EST">
          <reporter-output>
          </reporter-output>
        </test-method> <!-- f -->
        <test-method status="PASS" signature="afterMethod()[pri:0, instance:Capstone.AutomationPractice5.Property@c46bcd4]" name="afterMethod" is-config="true" duration-ms="6763" started-at="2024-02-04T15:15:16 EST" finished-at="2024-02-04T15:15:23 EST">
          <reporter-output>
          </reporter-output>
        </test-method> <!-- afterMethod -->
      </class> <!-- Capstone.AutomationPractice5.Property -->
    </test> <!-- Regressiontesting -->
    <test name="RegressiontestingEdge" duration-ms="10906" started-at="2024-02-04T15:15:23 EST" finished-at="2024-02-04T15:15:34 EST">
      <class name="Capstone.AutomationPractice5.Property">
        <test-method status="PASS" signature="Browsers(java.lang.String,java.lang.String)[pri:0, instance:Capstone.AutomationPractice5.Property@cb0ed20]" name="Browsers" is-config="true" duration-ms="3822" started-at="2024-02-04T15:15:23 EST" finished-at="2024-02-04T15:15:26 EST">
          <params>
            <param index="0">
              <value>
                <![CDATA[Edge]]>
              </value>
            </param>
            <param index="1">
              <value>
                <![CDATA[https://www.facebook.com]]>
              </value>
            </param>
          </params>
          <reporter-output>
          </reporter-output>
        </test-method> <!-- Browsers -->
        <test-method status="PASS" signature="f()[pri:0, instance:Capstone.AutomationPractice5.Property@cb0ed20]" name="f" duration-ms="43" started-at="2024-02-04T15:15:26 EST" finished-at="2024-02-04T15:15:27 EST">
          <reporter-output>
          </reporter-output>
        </test-method> <!-- f -->
        <test-method status="PASS" signature="afterMethod()[pri:0, instance:Capstone.AutomationPractice5.Property@cb0ed20]" name="afterMethod" is-config="true" duration-ms="6895" started-at="2024-02-04T15:15:27 EST" finished-at="2024-02-04T15:15:34 EST">
          <reporter-output>
          </reporter-output>
        </test-method> <!-- afterMethod -->
      </class> <!-- Capstone.AutomationPractice5.Property -->
    </test> <!-- RegressiontestingEdge -->
  </suite> <!-- Functionaltestingsuite -->
</testng-results>
